0 info it worked if it ends with ok
1 verbose cli [ 'node',
1 verbose cli   '/usr/local/bin/npm',
1 verbose cli   'install',
1 verbose cli   'grunt-contib-less',
1 verbose cli   'grunt-contrib-watch' ]
2 info using npm@1.4.28
3 info using node@v0.10.32
4 verbose cache add [ 'grunt-contib-less', null ]
5 verbose cache add name=undefined spec="grunt-contib-less" args=["grunt-contib-less",null]
6 verbose parsed url { protocol: null,
6 verbose parsed url   slashes: null,
6 verbose parsed url   auth: null,
6 verbose parsed url   host: null,
6 verbose parsed url   port: null,
6 verbose parsed url   hostname: null,
6 verbose parsed url   hash: null,
6 verbose parsed url   search: null,
6 verbose parsed url   query: null,
6 verbose parsed url   pathname: 'grunt-contib-less',
6 verbose parsed url   path: 'grunt-contib-less',
6 verbose parsed url   href: 'grunt-contib-less' }
7 verbose cache add [ 'grunt-contrib-watch', null ]
8 verbose cache add name=undefined spec="grunt-contrib-watch" args=["grunt-contrib-watch",null]
9 verbose parsed url { protocol: null,
9 verbose parsed url   slashes: null,
9 verbose parsed url   auth: null,
9 verbose parsed url   host: null,
9 verbose parsed url   port: null,
9 verbose parsed url   hostname: null,
9 verbose parsed url   hash: null,
9 verbose parsed url   search: null,
9 verbose parsed url   query: null,
9 verbose parsed url   pathname: 'grunt-contrib-watch',
9 verbose parsed url   path: 'grunt-contrib-watch',
9 verbose parsed url   href: 'grunt-contrib-watch' }
10 silly lockFile b6e0aa50-grunt-contib-less grunt-contib-less
11 verbose lock grunt-contib-less /Users/lydiaking/.npm/b6e0aa50-grunt-contib-less.lock
12 silly lockFile 7f2b8bdb-grunt-contrib-watch grunt-contrib-watch
13 verbose lock grunt-contrib-watch /Users/lydiaking/.npm/7f2b8bdb-grunt-contrib-watch.lock
14 silly lockFile b6e0aa50-grunt-contib-less grunt-contib-less
15 silly lockFile b6e0aa50-grunt-contib-less grunt-contib-less
16 silly lockFile 7f2b8bdb-grunt-contrib-watch grunt-contrib-watch
17 silly lockFile 7f2b8bdb-grunt-contrib-watch grunt-contrib-watch
18 verbose addNamed [ 'grunt-contib-less', '' ]
19 verbose addNamed [ null, '*' ]
20 silly lockFile c808f83b-grunt-contib-less grunt-contib-less@
21 verbose lock grunt-contib-less@ /Users/lydiaking/.npm/c808f83b-grunt-contib-less.lock
22 verbose addNamed [ 'grunt-contrib-watch', '' ]
23 verbose addNamed [ null, '*' ]
24 silly lockFile b64937f1-grunt-contrib-watch grunt-contrib-watch@
25 verbose lock grunt-contrib-watch@ /Users/lydiaking/.npm/b64937f1-grunt-contrib-watch.lock
26 silly addNameRange { name: 'grunt-contib-less', range: '*', hasData: false }
27 verbose request where is /grunt-contib-less
28 verbose request registry https://registry.npmjs.org/
29 verbose request id e90b222bf681aa21
30 verbose url raw /grunt-contib-less
31 verbose url resolving [ 'https://registry.npmjs.org/', './grunt-contib-less' ]
32 verbose url resolved https://registry.npmjs.org/grunt-contib-less
33 verbose request where is https://registry.npmjs.org/grunt-contib-less
34 info trying registry request attempt 1 at 12:06:26
35 http GET https://registry.npmjs.org/grunt-contib-less
36 silly addNameRange { name: 'grunt-contrib-watch', range: '*', hasData: false }
37 verbose request where is /grunt-contrib-watch
38 verbose request registry https://registry.npmjs.org/
39 verbose url raw /grunt-contrib-watch
40 verbose url resolving [ 'https://registry.npmjs.org/', './grunt-contrib-watch' ]
41 verbose url resolved https://registry.npmjs.org/grunt-contrib-watch
42 verbose request where is https://registry.npmjs.org/grunt-contrib-watch
43 info trying registry request attempt 1 at 12:06:26
44 verbose etag "86RKODRC843ASKS2FLVS2CO5E"
45 http GET https://registry.npmjs.org/grunt-contrib-watch
46 http 304 https://registry.npmjs.org/grunt-contrib-watch
47 silly registry.get cb [ 304,
47 silly registry.get   { date: 'Sun, 05 Oct 2014 19:06:27 GMT',
47 silly registry.get     server: 'Apache',
47 silly registry.get     via: '1.1 varnish',
47 silly registry.get     'last-modified': 'Sun, 05 Oct 2014 19:06:27 GMT',
47 silly registry.get     'cache-control': 'max-age=60',
47 silly registry.get     etag: '"86RKODRC843ASKS2FLVS2CO5E"',
47 silly registry.get     'x-served-by': 'cache-sjc3121-SJC',
47 silly registry.get     'x-cache': 'MISS',
47 silly registry.get     'x-cache-hits': '0',
47 silly registry.get     'x-timer': 'S1412535987.359988,VS0,VE83',
47 silly registry.get     vary: 'Accept',
47 silly registry.get     'content-length': '0',
47 silly registry.get     'keep-alive': 'timeout=10, max=50',
47 silly registry.get     connection: 'Keep-Alive' } ]
48 verbose etag https://registry.npmjs.org/grunt-contrib-watch from cache
49 http 404 https://registry.npmjs.org/grunt-contib-less
50 verbose headers { date: 'Sun, 05 Oct 2014 19:06:27 GMT',
50 verbose headers   server: 'CouchDB/1.5.0 (Erlang OTP/R16B03)',
50 verbose headers   'content-type': 'application/json',
50 verbose headers   'cache-control': 'max-age=0',
50 verbose headers   'content-length': '52',
50 verbose headers   'accept-ranges': 'bytes',
50 verbose headers   via: '1.1 varnish',
50 verbose headers   age: '0',
50 verbose headers   'x-served-by': 'cache-sjc3124-SJC',
50 verbose headers   'x-cache': 'MISS',
50 verbose headers   'x-cache-hits': '0',
50 verbose headers   'x-timer': 'S1412535987.293603,VS0,VE152',
50 verbose headers   'keep-alive': 'timeout=10, max=50',
50 verbose headers   connection: 'Keep-Alive' }
51 silly registry.get cb [ 404,
51 silly registry.get   { date: 'Sun, 05 Oct 2014 19:06:27 GMT',
51 silly registry.get     server: 'CouchDB/1.5.0 (Erlang OTP/R16B03)',
51 silly registry.get     'content-type': 'application/json',
51 silly registry.get     'cache-control': 'max-age=0',
51 silly registry.get     'content-length': '52',
51 silly registry.get     'accept-ranges': 'bytes',
51 silly registry.get     via: '1.1 varnish',
51 silly registry.get     age: '0',
51 silly registry.get     'x-served-by': 'cache-sjc3124-SJC',
51 silly registry.get     'x-cache': 'MISS',
51 silly registry.get     'x-cache-hits': '0',
51 silly registry.get     'x-timer': 'S1412535987.293603,VS0,VE152',
51 silly registry.get     'keep-alive': 'timeout=10, max=50',
51 silly registry.get     connection: 'Keep-Alive' } ]
52 silly lockFile c808f83b-grunt-contib-less grunt-contib-less@
53 silly lockFile c808f83b-grunt-contib-less grunt-contib-less@
54 silly addNameRange number 2 { name: 'grunt-contrib-watch', range: '*', hasData: true }
55 silly addNameRange versions [ 'grunt-contrib-watch',
55 silly addNameRange   [ '0.1.0',
55 silly addNameRange     '0.1.1',
55 silly addNameRange     '0.1.2',
55 silly addNameRange     '0.1.3',
55 silly addNameRange     '0.1.4',
55 silly addNameRange     '0.2.0',
55 silly addNameRange     '0.3.0',
55 silly addNameRange     '0.3.1',
55 silly addNameRange     '0.4.0',
55 silly addNameRange     '0.4.1',
55 silly addNameRange     '0.4.2',
55 silly addNameRange     '0.4.3',
55 silly addNameRange     '0.4.4',
55 silly addNameRange     '0.5.0',
55 silly addNameRange     '0.5.1',
55 silly addNameRange     '0.5.2',
55 silly addNameRange     '0.5.3',
55 silly addNameRange     '0.6.0',
55 silly addNameRange     '0.6.1',
55 silly addNameRange     '0.2.0-a',
55 silly addNameRange     '0.2.0-rc5',
55 silly addNameRange     '0.2.0-rc7' ] ]
56 verbose addNamed [ 'grunt-contrib-watch', '0.6.1' ]
57 verbose addNamed [ '0.6.1', '0.6.1' ]
58 silly lockFile 08049756-grunt-contrib-watch-0-6-1 grunt-contrib-watch@0.6.1
59 verbose lock grunt-contrib-watch@0.6.1 /Users/lydiaking/.npm/08049756-grunt-contrib-watch-0-6-1.lock
60 silly lockFile 08049756-grunt-contrib-watch-0-6-1 grunt-contrib-watch@0.6.1
61 silly lockFile 08049756-grunt-contrib-watch-0-6-1 grunt-contrib-watch@0.6.1
62 silly lockFile b64937f1-grunt-contrib-watch grunt-contrib-watch@
63 silly lockFile b64937f1-grunt-contrib-watch grunt-contrib-watch@
64 error 404 404 Not Found: grunt-contib-less
64 error 404
64 error 404 'grunt-contib-less' is not in the npm registry.
64 error 404 You should bug the author to publish it
64 error 404
64 error 404 Note that you can also install from a
64 error 404 tarball, folder, or http url, or git url.
65 error System Darwin 13.4.0
66 error command "node" "/usr/local/bin/npm" "install" "grunt-contib-less" "grunt-contrib-watch"
67 error cwd /Applications/MAMP/htdocs/wordpress/wp-content/themes/NECNLocal
68 error node -v v0.10.32
69 error npm -v 1.4.28
70 error code E404
71 verbose exit [ 1, true ]
